
Installing "anvil-zksync"...
time="2025-04-11T03:33:19+01:00" level=warning msg="/opt/homebrew/lib/node_modules/zksync-cli/node_modules/zkcli-in-memory-node/docker-compose.yml: the attribute `version` is obsolete, it will be ignored, please remove it to avoid potential confusion"
Compose can now delegate builds to bake for better performance.
 To do so, set COMPOSE_BAKE=true.
#0 building with "desktop-linux" instance using docker driver

#1 [zksync internal] load build definition from Dockerfile
#1 transferring dockerfile: 817B done
#1 DONE 0.0s

#2 [zksync internal] load metadata for docker.io/library/ubuntu:latest
#2 DONE 0.6s

#3 [zksync internal] load .dockerignore
#3 transferring context: 2B done
#3 DONE 0.0s

#4 [zksync 1/7] FROM docker.io/library/ubuntu:latest@sha256:1e622c5f073b4f6bfad6632f2616c7f59ef256e96fe78bf6a595d1dc4376ac02
#4 DONE 0.0s

#5 [zksync 6/7] RUN tar xz -f anvil-zksync.tar.gz -C /usr/local/bin/
#5 CACHED

#6 [zksync 2/7] WORKDIR /app
#6 CACHED

#7 [zksync 5/7] RUN curl -s echo "https://api.github.com/repos/matter-labs/anvil-zksync/releases/tags/v0.5.0" |   jq -r '.assets[] | select(.name | contains("x86_64-unknown-linux-gnu")) | .browser_download_url' |   head -n 1 | xargs -I {} curl -L -o anvil-zksync.tar.gz {}
#7 CACHED

#8 [zksync 3/7] RUN apt-get update   && apt-get install -y curl jq   && apt-get clean   && rm -rf /var/lib/apt/lists/*
#8 CACHED

#9 [zksync 4/7] RUN echo "anvil-zksync version: v0.5.0"
#9 CACHED

#10 [zksync 7/7] RUN chmod +x /usr/local/bin/anvil-zksync
#10 CACHED

#11 [zksync] exporting to image
#11 exporting layers done
#11 writing image sha256:c033e792d5429711c12c0cda03c582b859467ac62932055504a8ce07726e7a60 done
#11 naming to docker.io/library/zkcli-in-memory-node-zksync done
#11 DONE 0.0s

#12 [zksync] resolving provenance for metadata file
#12 DONE 0.0s
 zksync  Built
time="2025-04-11T03:33:20+01:00" level=warning msg="/opt/homebrew/lib/node_modules/zksync-cli/node_modules/zkcli-in-memory-node/docker-compose.yml: the attribute `version` is obsolete, it will be ignored, please remove it to avoid potential confusion"
 Container zkcli-in-memory-node-zksync-1  Creating
 Container zkcli-in-memory-node-zksync-1  Created

Starting: anvil-zksync...
time="2025-04-11T03:33:20+01:00" level=warning msg="/opt/homebrew/lib/node_modules/zksync-cli/node_modules/zkcli-in-memory-node/docker-compose.yml: the attribute `version` is obsolete, it will be ignored, please remove it to avoid potential confusion"
 Container zkcli-in-memory-node-zksync-1  Starting
 Container zkcli-in-memory-node-zksync-1  Started

anvil-zksync started v0.5.0:
 - ZKsync Node (L2):
  - Chain ID: 260
  - RPC URL: http://127.0.0.1:8011
  - Rich accounts: https://docs.zksync.io/zksync-era/tooling/local-setup/anvil-zksync-node#pre-configured-rich-wallets
 - Note: every restart will necessitate a reset of MetaMask's cached account data
